/home/kieron/.local/lib/python3.10/site-packages/transformers/utils/generic.py:311: FutureWarning: `torch.utils._pytree._register_pytree_node` is deprecated. Please use `torch.utils._pytree.register_pytree_node` instead.
  torch.utils._pytree._register_pytree_node(
/home/kieron/.local/lib/python3.10/site-packages/transformers/utils/generic.py:311: FutureWarning: `torch.utils._pytree._register_pytree_node` is deprecated. Please use `torch.utils._pytree.register_pytree_node` instead.
  torch.utils._pytree._register_pytree_node(
Parameter 'function'=functools.partial(<function preprocess_function at 0x7f72a5622c20>, tokenizer=MyT5Tokenizer(name_or_path='', vocab_size=256, model_max_length=1000000000000000019884624838656, is_fast=False, padding_side='right', truncation_side='right', special_tokens={'eos_token': '</s>', 'unk_token': '<unk>', 'pad_token': '<pad>', 'additional_special_tokens': ['<extra_id_0>', '<extra_id_1>', '<extra_id_2>', '<extra_id_3>', '<extra_id_4>', '<extra_id_5>', '<extra_id_6>', '<extra_id_7>', '<extra_id_8>', '<extra_id_9>', '<extra_id_10>', '<extra_id_11>', '<extra_id_12>', '<extra_id_13>', '<extra_id_14>', '<extra_id_15>', '<extra_id_16>', '<extra_id_17>', '<extra_id_18>', '<extra_id_19>', '<extra_id_20>', '<extra_id_21>', '<extra_id_22>', '<extra_id_23>', '<extra_id_24>', '<extra_id_25>', '<extra_id_26>', '<extra_id_27>', '<extra_id_28>', '<extra_id_29>', '<extra_id_30>', '<extra_id_31>', '<extra_id_32>', '<extra_id_33>', '<extra_id_34>', '<extra_id_35>', '<extra_id_36>', '<extra_id_37>', '<extra_id_38>', '<extra_id_39>', '<extra_id_40>', '<extra_id_41>', '<extra_id_42>', '<extra_id_43>', '<extra_id_44>', '<extra_id_45>', '<extra_id_46>', '<extra_id_47>', '<extra_id_48>', '<extra_id_49>', '<extra_id_50>', '<extra_id_51>', '<extra_id_52>', '<extra_id_53>', '<extra_id_54>', '<extra_id_55>', '<extra_id_56>', '<extra_id_57>', '<extra_id_58>', '<extra_id_59>', '<extra_id_60>', '<extra_id_61>', '<extra_id_62>', '<extra_id_63>', '<extra_id_64>', '<extra_id_65>', '<extra_id_66>', '<extra_id_67>', '<extra_id_68>', '<extra_id_69>', '<extra_id_70>', '<extra_id_71>', '<extra_id_72>', '<extra_id_73>', '<extra_id_74>', '<extra_id_75>', '<extra_id_76>', '<extra_id_77>', '<extra_id_78>', '<extra_id_79>', '<extra_id_80>', '<extra_id_81>', '<extra_id_82>', '<extra_id_83>', '<extra_id_84>', '<extra_id_85>', '<extra_id_86>', '<extra_id_87>', '<extra_id_88>', '<extra_id_89>', '<extra_id_90>', '<extra_id_91>', '<extra_id_92>', '<extra_id_93>', '<extra_id_94>', '<extra_id_95>', '<extra_id_96>', '<extra_id_97>', '<extra_id_98>', '<extra_id_99>', '<extra_id_100>', '<extra_id_101>', '<extra_id_102>', '<extra_id_103>', '<extra_id_104>', '<extra_id_105>', '<extra_id_106>', '<extra_id_107>', '<extra_id_108>', '<extra_id_109>', '<extra_id_110>', '<extra_id_111>', '<extra_id_112>', '<extra_id_113>', '<extra_id_114>', '<extra_id_115>', '<extra_id_116>', '<extra_id_117>', '<extra_id_118>', '<extra_id_119>', '<extra_id_120>', '<extra_id_121>', '<extra_id_122>', '<extra_id_123>', '<extra_id_124>']}, clean_up_tokenization_spaces=True),  added_tokens_decoder={
	0: AddedToken("<pad>", rstrip=True, lstrip=True, single_word=False, normalized=True, special=True),
	1: AddedToken("</s>", rstrip=True, lstrip=True, single_word=False, normalized=True, special=True),
	2: AddedToken("<unk>", rstrip=True, lstrip=True, single_word=False, normalized=True, special=True),
	259: AddedToken("<extra_id_0>", rstrip=False, lstrip=False, single_word=False, normalized=False, special=True),
	260: AddedToken("<extra_id_1>", rstrip=False, lstrip=False, single_word=False, normalized=False, special=True),
	261: AddedToken("<extra_id_2>", rstrip=False, lstrip=False, single_word=False, normalized=False, special=True),
	262: AddedToken("<extra_id_3>", rstrip=False, lstrip=False, single_word=False, normalized=False, special=True),
	263: AddedToken("<extra_id_4>", rstrip=False, lstrip=False, single_word=False, normalized=False, special=True),
	264: AddedToken("<extra_id_5>", rstrip=False, lstrip=False, single_word=False, normalized=False, special=True),
	265: AddedToken("<extra_id_6>", rstrip=False, lstrip=False, single_word=False, normalized=False, special=True),
	266: AddedToken("<extra_id_7>", rstrip=False, lstrip=False, single_word=False, normalized=False, special=True),
	267: AddedToken("<extra_id_8>", rstrip=False, lstrip=False, single_word=False, normalized=False, special=True),
	268: AddedToken("<extra_id_9>", rstrip=False, lstrip=False, single_word=False, normalized=False, special=True),
	269: AddedToken("<extra_id_10>", rstrip=False, lstrip=False, single_word=False, normalized=False, special=True),
	270: AddedToken("<extra_id_11>", rstrip=False, lstrip=False, single_word=False, normalized=False, special=True),
	271: AddedToken("<extra_id_12>", rstrip=False, lstrip=False, single_word=False, normalized=False, special=True),
	272: AddedToken("<extra_id_13>", rstrip=False, lstrip=False, single_word=False, normalized=False, special=True),
	273: AddedToken("<extra_id_14>", rstrip=False, lstrip=False, single_word=False, normalized=False, special=True),
	274: AddedToken("<extra_id_15>", rstrip=False, lstrip=False, single_word=False, normalized=False, special=True),
	275: AddedToken("<extra_id_16>", rstrip=False, lstrip=False, single_word=False, normalized=False, special=True),
	276: AddedToken("<extra_id_17>", rstrip=False, lstrip=False, single_word=False, normalized=False, special=True),
	277: AddedToken("<extra_id_18>", rstrip=False, lstrip=False, single_word=False, normalized=False, special=True),
	278: AddedToken("<extra_id_19>", rstrip=False, lstrip=False, single_word=False, normalized=False, special=True),
	279: AddedToken("<extra_id_20>", rstrip=False, lstrip=False, single_word=False, normalized=False, special=True),
	280: AddedToken("<extra_id_21>", rstrip=False, lstrip=False, single_word=False, normalized=False, special=True),
	281: AddedToken("<extra_id_22>", rstrip=False, lstrip=False, single_word=False, normalized=False, special=True),
	282: AddedToken("<extra_id_23>", rstrip=False, lstrip=False, single_word=False, normalized=False, special=True),
	283: AddedToken("<extra_id_24>", rstrip=False, lstrip=False, single_word=False, normalized=False, special=True),
	284: AddedToken("<extra_id_25>", rstrip=False, lstrip=False, single_word=False, normalized=False, special=True),
	285: AddedToken("<extra_id_26>", rstrip=False, lstrip=False, single_word=False, normalized=False, special=True),
	286: AddedToken("<extra_id_27>", rstrip=False, lstrip=False, single_word=False, normalized=False, special=True),
	287: AddedToken("<extra_id_28>", rstrip=False, lstrip=False, single_word=False, normalized=False, special=True),
	288: AddedToken("<extra_id_29>", rstrip=False, lstrip=False, single_word=False, normalized=False, special=True),
	289: AddedToken("<extra_id_30>", rstrip=False, lstrip=False, single_word=False, normalized=False, special=True),
	290: AddedToken("<extra_id_31>", rstrip=False, lstrip=False, single_word=False, normalized=False, special=True),
	291: AddedToken("<extra_id_32>", rstrip=False, lstrip=False, single_word=False, normalized=False, special=True),
	292: AddedToken("<extra_id_33>", rstrip=False, lstrip=False, single_word=False, normalized=False, special=True),
	293: AddedToken("<extra_id_34>", rstrip=False, lstrip=False, single_word=False, normalized=False, special=True),
	294: AddedToken("<extra_id_35>", rstrip=False, lstrip=False, single_word=False, normalized=False, special=True),
	295: AddedToken("<extra_id_36>", rstrip=False, lstrip=False, single_word=False, normalized=False, special=True),
	296: AddedToken("<extra_id_37>", rstrip=False, lstrip=False, single_word=False, normalized=False, special=True),
	297: AddedToken("<extra_id_38>", rstrip=False, lstrip=False, single_word=False, normalized=False, special=True),
	298: AddedToken("<extra_id_39>", rstrip=False, lstrip=False, single_word=False, normalized=False, special=True),
	299: AddedToken("<extra_id_40>", rstrip=False, lstrip=False, single_word=False, normalized=False, special=True),
	300: AddedToken("<extra_id_41>", rstrip=False, lstrip=False, single_word=False, normalized=False, special=True),
	301: AddedToken("<extra_id_42>", rstrip=False, lstrip=False, single_word=False, normalized=False, special=True),
	302: AddedToken("<extra_id_43>", rstrip=False, lstrip=False, single_word=False, normalized=False, special=True),
	303: AddedToken("<extra_id_44>", rstrip=False, lstrip=False, single_word=False, normalized=False, special=True),
	304: AddedToken("<extra_id_45>", rstrip=False, lstrip=False, single_word=False, normalized=False, special=True),
	305: AddedToken("<extra_id_46>", rstrip=False, lstrip=False, single_word=False, normalized=False, special=True),
	306: AddedToken("<extra_id_47>", rstrip=False, lstrip=False, single_word=False, normalized=False, special=True),
	307: AddedToken("<extra_id_48>", rstrip=False, lstrip=False, single_word=False, normalized=False, special=True),
	308: AddedToken("<extra_id_49>", rstrip=False, lstrip=False, single_word=False, normalized=False, special=True),
	309: AddedToken("<extra_id_50>", rstrip=False, lstrip=False, single_word=False, normalized=False, special=True),
	310: AddedToken("<extra_id_51>", rstrip=False, lstrip=False, single_word=False, normalized=False, special=True),
	311: AddedToken("<extra_id_52>", rstrip=False, lstrip=False, single_word=False, normalized=False, special=True),
	312: AddedToken("<extra_id_53>", rstrip=False, lstrip=False, single_word=False, normalized=False, special=True),
	313: AddedToken("<extra_id_54>", rstrip=False, lstrip=False, single_word=False, normalized=False, special=True),
	314: AddedToken("<extra_id_55>", rstrip=False, lstrip=False, single_word=False, normalized=False, special=True),
	315: AddedToken("<extra_id_56>", rstrip=False, lstrip=False, single_word=False, normalized=False, special=True),
	316: AddedToken("<extra_id_57>", rstrip=False, lstrip=False, single_word=False, normalized=False, special=True),
	317: AddedToken("<extra_id_58>", rstrip=False, lstrip=False, single_word=False, normalized=False, special=True),
	318: AddedToken("<extra_id_59>", rstrip=False, lstrip=False, single_word=False, normalized=False, special=True),
	319: AddedToken("<extra_id_60>", rstrip=False, lstrip=False, single_word=False, normalized=False, special=True),
	320: AddedToken("<extra_id_61>", rstrip=False, lstrip=False, single_word=False, normalized=False, special=True),
	321: AddedToken("<extra_id_62>", rstrip=False, lstrip=False, single_word=False, normalized=False, special=True),
	322: AddedToken("<extra_id_63>", rstrip=False, lstrip=False, single_word=False, normalized=False, special=True),
	323: AddedToken("<extra_id_64>", rstrip=False, lstrip=False, single_word=False, normalized=False, special=True),
	324: AddedToken("<extra_id_65>", rstrip=False, lstrip=False, single_word=False, normalized=False, special=True),
	325: AddedToken("<extra_id_66>", rstrip=False, lstrip=False, single_word=False, normalized=False, special=True),
	326: AddedToken("<extra_id_67>", rstrip=False, lstrip=False, single_word=False, normalized=False, special=True),
	327: AddedToken("<extra_id_68>", rstrip=False, lstrip=False, single_word=False, normalized=False, special=True),
	328: AddedToken("<extra_id_69>", rstrip=False, lstrip=False, single_word=False, normalized=False, special=True),
	329: AddedToken("<extra_id_70>", rstrip=False, lstrip=False, single_word=False, normalized=False, special=True),
	330: AddedToken("<extra_id_71>", rstrip=False, lstrip=False, single_word=False, normalized=False, special=True),
	331: AddedToken("<extra_id_72>", rstrip=False, lstrip=False, single_word=False, normalized=False, special=True),
	332: AddedToken("<extra_id_73>", rstrip=False, lstrip=False, single_word=False, normalized=False, special=True),
	333: AddedToken("<extra_id_74>", rstrip=False, lstrip=False, single_word=False, normalized=False, special=True),
	334: AddedToken("<extra_id_75>", rstrip=False, lstrip=False, single_word=False, normalized=False, special=True),
	335: AddedToken("<extra_id_76>", rstrip=False, lstrip=False, single_word=False, normalized=False, special=True),
	336: AddedToken("<extra_id_77>", rstrip=False, lstrip=False, single_word=False, normalized=False, special=True),
	337: AddedToken("<extra_id_78>", rstrip=False, lstrip=False, single_word=False, normalized=False, special=True),
	338: AddedToken("<extra_id_79>", rstrip=False, lstrip=False, single_word=False, normalized=False, special=True),
	339: AddedToken("<extra_id_80>", rstrip=False, lstrip=False, single_word=False, normalized=False, special=True),
	340: AddedToken("<extra_id_81>", rstrip=False, lstrip=False, single_word=False, normalized=False, special=True),
	341: AddedToken("<extra_id_82>", rstrip=False, lstrip=False, single_word=False, normalized=False, special=True),
	342: AddedToken("<extra_id_83>", rstrip=False, lstrip=False, single_word=False, normalized=False, special=True),
	343: AddedToken("<extra_id_84>", rstrip=False, lstrip=False, single_word=False, normalized=False, special=True),
	344: AddedToken("<extra_id_85>", rstrip=False, lstrip=False, single_word=False, normalized=False, special=True),
	345: AddedToken("<extra_id_86>", rstrip=False, lstrip=False, single_word=False, normalized=False, special=True),
	346: AddedToken("<extra_id_87>", rstrip=False, lstrip=False, single_word=False, normalized=False, special=True),
	347: AddedToken("<extra_id_88>", rstrip=False, lstrip=False, single_word=False, normalized=False, special=True),
	348: AddedToken("<extra_id_89>", rstrip=False, lstrip=False, single_word=False, normalized=False, special=True),
	349: AddedToken("<extra_id_90>", rstrip=False, lstrip=False, single_word=False, normalized=False, special=True),
	350: AddedToken("<extra_id_91>", rstrip=False, lstrip=False, single_word=False, normalized=False, special=True),
	351: AddedToken("<extra_id_92>", rstrip=False, lstrip=False, single_word=False, normalized=False, special=True),
	352: AddedToken("<extra_id_93>", rstrip=False, lstrip=False, single_word=False, normalized=False, special=True),
	353: AddedToken("<extra_id_94>", rstrip=False, lstrip=False, single_word=False, normalized=False, special=True),
	354: AddedToken("<extra_id_95>", rstrip=False, lstrip=False, single_word=False, normalized=False, special=True),
	355: AddedToken("<extra_id_96>", rstrip=False, lstrip=False, single_word=False, normalized=False, special=True),
	356: AddedToken("<extra_id_97>", rstrip=False, lstrip=False, single_word=False, normalized=False, special=True),
	357: AddedToken("<extra_id_98>", rstrip=False, lstrip=False, single_word=False, normalized=False, special=True),
	358: AddedToken("<extra_id_99>", rstrip=False, lstrip=False, single_word=False, normalized=False, special=True),
	359: AddedToken("<extra_id_100>", rstrip=False, lstrip=False, single_word=False, normalized=False, special=True),
	360: AddedToken("<extra_id_101>", rstrip=False, lstrip=False, single_word=False, normalized=False, special=True),
	361: AddedToken("<extra_id_102>", rstrip=False, lstrip=False, single_word=False, normalized=False, special=True),
	362: AddedToken("<extra_id_103>", rstrip=False, lstrip=False, single_word=False, normalized=False, special=True),
	363: AddedToken("<extra_id_104>", rstrip=False, lstrip=False, single_word=False, normalized=False, special=True),
	364: AddedToken("<extra_id_105>", rstrip=False, lstrip=False, single_word=False, normalized=False, special=True),
	365: AddedToken("<extra_id_106>", rstrip=False, lstrip=False, single_word=False, normalized=False, special=True),
	366: AddedToken("<extra_id_107>", rstrip=False, lstrip=False, single_word=False, normalized=False, special=True),
	367: AddedToken("<extra_id_108>", rstrip=False, lstrip=False, single_word=False, normalized=False, special=True),
	368: AddedToken("<extra_id_109>", rstrip=False, lstrip=False, single_word=False, normalized=False, special=True),
	369: AddedToken("<extra_id_110>", rstrip=False, lstrip=False, single_word=False, normalized=False, special=True),
	370: AddedToken("<extra_id_111>", rstrip=False, lstrip=False, single_word=False, normalized=False, special=True),
	371: AddedToken("<extra_id_112>", rstrip=False, lstrip=False, single_word=False, normalized=False, special=True),
	372: AddedToken("<extra_id_113>", rstrip=False, lstrip=False, single_word=False, normalized=False, special=True),
	373: AddedToken("<extra_id_114>", rstrip=False, lstrip=False, single_word=False, normalized=False, special=True),
	374: AddedToken("<extra_id_115>", rstrip=False, lstrip=False, single_word=False, normalized=False, special=True),
	375: AddedToken("<extra_id_116>", rstrip=False, lstrip=False, single_word=False, normalized=False, special=True),
	376: AddedToken("<extra_id_117>", rstrip=False, lstrip=False, single_word=False, normalized=False, special=True),
	377: AddedToken("<extra_id_118>", rstrip=False, lstrip=False, single_word=False, normalized=False, special=True),
	378: AddedToken("<extra_id_119>", rstrip=False, lstrip=False, single_word=False, normalized=False, special=True),
	379: AddedToken("<extra_id_120>", rstrip=False, lstrip=False, single_word=False, normalized=False, special=True),
	380: AddedToken("<extra_id_121>", rstrip=False, lstrip=False, single_word=False, normalized=False, special=True),
	381: AddedToken("<extra_id_122>", rstrip=False, lstrip=False, single_word=False, normalized=False, special=True),
	382: AddedToken("<extra_id_123>", rstrip=False, lstrip=False, single_word=False, normalized=False, special=True),
	383: AddedToken("<extra_id_124>", rstrip=False, lstrip=False, single_word=False, normalized=False, special=True),
}) of the transform datasets.arrow_dataset.Dataset._map_single couldn't be hashed properly, a random hash was used instead. Make sure your transforms and parameters are serializable with pickle or dill for the dataset fingerprinting and caching to work. If you reuse this transform, the caching mechanism will consider it to be different from the previous calls and recompute everything. This warning is only showed once. Subsequent hashing failures won't be showed.
Processing inference for en2id
Running tokenizer:   0%|          | 0/100 [00:00<?, ? examples/s]Running tokenizer: 100%|██████████| 100/100 [00:00<00:00, 1439.60 examples/s]
Processing inference for en2id:   0%|          | 0/2 [00:00<?, ?it/s]Processing inference for en2id:  50%|█████     | 1/2 [00:14<00:14, 14.44s/it]Processing inference for en2id: 100%|██████████| 2/2 [00:22<00:00, 10.45s/it]Processing inference for en2id: 100%|██████████| 2/2 [00:22<00:00, 11.04s/it]
chrF Score for en2id: 0.4888
Processing inference for en2zh
Running tokenizer:   0%|          | 0/100 [00:00<?, ? examples/s]Running tokenizer: 100%|██████████| 100/100 [00:00<00:00, 1675.20 examples/s]
Processing inference for en2zh:   0%|          | 0/2 [00:00<?, ?it/s]Processing inference for en2zh:  50%|█████     | 1/2 [00:06<00:06,  6.95s/it]Processing inference for en2zh: 100%|██████████| 2/2 [00:14<00:00,  7.19s/it]Processing inference for en2zh: 100%|██████████| 2/2 [00:14<00:00,  7.16s/it]
chrF Score for en2zh: 1.1416
chrF scores saved to ../xtreme_up_results/mt/myt5_large-translation-id-zh_chrf_scores.json
